<?xml version="1.0" encoding="UTF-8"?>
<!-- Generated by org.testng.reporters.JUnitXMLReporter -->
<testsuite hostname="OKM-DEV-F0RZ7H2" name="AllIntutiveRegression" tests="2" failures="0" timestamp="19 Sep 2019 22:30:08 GMT" time="17.406" errors="0">
  <testcase name="UseCase1SearchFunctionality" time="3.201" classname="com.selenium.intuitive.regression.tests.UseCase1"/>
  <testcase name="UseCase2_SelectSpecialty" time="2.275" classname="com.selenium.intuitive.regression.tests.UseCase2"/>
</testsuite> <!-- AllIntutiveRegression -->
