<?xml version="1.0" encoding="UTF-8"?>
<testsuite xmlns:xsi="http://www.w3.org/2001/XMLSchema-instance" xsi:noNamespaceSchemaLocation="https://maven.apache.org/surefire/maven-surefire-plugin/xsd/surefire-test-report-3.0.xsd" version="3.0" name="TestSuite" time="37.235" tests="3" errors="0" skipped="0" failures="0">
  <properties>
[...]
</properties>
  <testcase name="testOpenChromeBrowserUsingJenkinsURL_assertURLIsJenkins" classname="com.selenium.common.tests.SeleniumBrowsersTest" time="5.915"/>
  <testcase name="testOpenFirefoxBrowserUsingJenkinsURL_assertURLIsJenkins" classname="com.selenium.common.tests.SeleniumBrowsersTest" time="6.382"/>
  <testcase name="testOpenIEBrowserUsingJenkinsURL_assertURLIsJenkins" classname="com.selenium.common.tests.SeleniumBrowsersTest" time="13.992"/>
</testsuite>