<?xml version="1.0" encoding="UTF-8"?>
<!-- Generated by org.testng.reporters.JUnitXMLReporter -->
<testsuite hostname="OKM-DEV-F0RZ7H2" ignored="0" name="SeBrowsersLaunchTest" tests="3" failures="0" timestamp="06 Aug 2019 21:14:55 GMT" time="36.365" errors="0">
  <testcase name="testOpenChromeBrowserUsingJenkinsURL_assertURLIsJenkins" time="5.921" classname="com.selenium.common.tests.SeleniumBrowsersTest"/>
  <testcase name="testOpenFirefoxBrowserUsingJenkinsURL_assertURLIsJenkins" time="6.383" classname="com.selenium.common.tests.SeleniumBrowsersTest"/>
  <testcase name="testOpenIEBrowserUsingJenkinsURL_assertURLIsJenkins" time="13.99" classname="com.selenium.common.tests.SeleniumBrowsersTest"/>
</testsuite> <!-- SeBrowsersLaunchTest -->
